CRITICAL - 2022-02-10 02:08:08 --> Invalid argument supplied for foreach()
#0 C:\xampp\htdocs\Kominfo_Alvijar\app\Views\landingpage.php(57): CodeIgniter\Debug\Exceptions->errorHandler(2, 'Invalid argumen...', 'C:\\xampp\\htdocs...', 57, Array)
#1 C:\xampp\htdocs\Kominfo_Alvijar\system\View\View.php(210): include('C:\\xampp\\htdocs...')
#2 C:\xampp\htdocs\Kominfo_Alvijar\system\View\View.php(213): CodeIgniter\View\View->CodeIgniter\View\{closure}()
#3 C:\xampp\htdocs\Kominfo_Alvijar\system\Common.php(1089): CodeIgniter\View\View->render('landingpage', Array, true)
#4 C:\xampp\htdocs\Kominfo_Alvijar\app\Controllers\LandingPage.php(13): view('landingpage')
#5 C:\xampp\htdocs\Kominfo_Alvijar\system\CodeIgniter.php(825): App\Controllers\LandingPage->index()
#6 C:\xampp\htdocs\Kominfo_Alvijar\system\CodeIgniter.php(412): CodeIgniter\CodeIgniter->runController(Object(App\Controllers\LandingPage))
#7 C:\xampp\htdocs\Kominfo_Alvijar\system\CodeIgniter.php(320): CodeIgniter\CodeIgniter->handleRequest(NULL, Object(Config\Cache), false)
#8 C:\xampp\htdocs\Kominfo_Alvijar\public\index.php(37): CodeIgniter\CodeIgniter->run()
#9 C:\xampp\htdocs\Kominfo_Alvijar\system\Commands\Server\rewrite.php(43): require_once('C:\\xampp\\htdocs...')
#10 {main}
CRITICAL - 2022-02-10 02:09:01 --> Invalid argument supplied for foreach()
#0 C:\xampp\htdocs\Kominfo_Alvijar\app\Views\landingpage.php(57): CodeIgniter\Debug\Exceptions->errorHandler(2, 'Invalid argumen...', 'C:\\xampp\\htdocs...', 57, Array)
#1 C:\xampp\htdocs\Kominfo_Alvijar\system\View\View.php(210): include('C:\\xampp\\htdocs...')
#2 C:\xampp\htdocs\Kominfo_Alvijar\system\View\View.php(213): CodeIgniter\View\View->CodeIgniter\View\{closure}()
#3 C:\xampp\htdocs\Kominfo_Alvijar\system\Common.php(1089): CodeIgniter\View\View->render('landingpage', Array, true)
#4 C:\xampp\htdocs\Kominfo_Alvijar\app\Controllers\LandingPage.php(13): view('landingpage')
#5 C:\xampp\htdocs\Kominfo_Alvijar\system\CodeIgniter.php(825): App\Controllers\LandingPage->index()
#6 C:\xampp\htdocs\Kominfo_Alvijar\system\CodeIgniter.php(412): CodeIgniter\CodeIgniter->runController(Object(App\Controllers\LandingPage))
#7 C:\xampp\htdocs\Kominfo_Alvijar\system\CodeIgniter.php(320): CodeIgniter\CodeIgniter->handleRequest(NULL, Object(Config\Cache), false)
#8 C:\xampp\htdocs\Kominfo_Alvijar\public\index.php(37): CodeIgniter\CodeIgniter->run()
#9 {main}
CRITICAL - 2022-02-10 02:09:40 --> Invalid argument supplied for foreach()
#0 C:\xampp\htdocs\Kominfo_Alvijar\app\Views\landingpage.php(57): CodeIgniter\Debug\Exceptions->errorHandler(2, 'Invalid argumen...', 'C:\\xampp\\htdocs...', 57, Array)
#1 C:\xampp\htdocs\Kominfo_Alvijar\system\View\View.php(210): include('C:\\xampp\\htdocs...')
#2 C:\xampp\htdocs\Kominfo_Alvijar\system\View\View.php(213): CodeIgniter\View\View->CodeIgniter\View\{closure}()
#3 C:\xampp\htdocs\Kominfo_Alvijar\system\Common.php(1089): CodeIgniter\View\View->render('landingpage', Array, true)
#4 C:\xampp\htdocs\Kominfo_Alvijar\app\Controllers\LandingPage.php(13): view('landingpage')
#5 C:\xampp\htdocs\Kominfo_Alvijar\system\CodeIgniter.php(825): App\Controllers\LandingPage->index()
#6 C:\xampp\htdocs\Kominfo_Alvijar\system\CodeIgniter.php(412): CodeIgniter\CodeIgniter->runController(Object(App\Controllers\LandingPage))
#7 C:\xampp\htdocs\Kominfo_Alvijar\system\CodeIgniter.php(320): CodeIgniter\CodeIgniter->handleRequest(NULL, Object(Config\Cache), false)
#8 C:\xampp\htdocs\Kominfo_Alvijar\public\index.php(37): CodeIgniter\CodeIgniter->run()
#9 {main}
CRITICAL - 2022-02-10 02:09:51 --> Invalid argument supplied for foreach()
#0 C:\xampp\htdocs\Kominfo_Alvijar\app\Views\landingpage.php(57): CodeIgniter\Debug\Exceptions->errorHandler(2, 'Invalid argumen...', 'C:\\xampp\\htdocs...', 57, Array)
#1 C:\xampp\htdocs\Kominfo_Alvijar\system\View\View.php(210): include('C:\\xampp\\htdocs...')
#2 C:\xampp\htdocs\Kominfo_Alvijar\system\View\View.php(213): CodeIgniter\View\View->CodeIgniter\View\{closure}()
#3 C:\xampp\htdocs\Kominfo_Alvijar\system\Common.php(1089): CodeIgniter\View\View->render('landingpage', Array, true)
#4 C:\xampp\htdocs\Kominfo_Alvijar\app\Controllers\LandingPage.php(13): view('landingpage')
#5 C:\xampp\htdocs\Kominfo_Alvijar\system\CodeIgniter.php(825): App\Controllers\LandingPage->index()
#6 C:\xampp\htdocs\Kominfo_Alvijar\system\CodeIgniter.php(412): CodeIgniter\CodeIgniter->runController(Object(App\Controllers\LandingPage))
#7 C:\xampp\htdocs\Kominfo_Alvijar\system\CodeIgniter.php(320): CodeIgniter\CodeIgniter->handleRequest(NULL, Object(Config\Cache), false)
#8 C:\xampp\htdocs\Kominfo_Alvijar\public\index.php(37): CodeIgniter\CodeIgniter->run()
#9 C:\xampp\htdocs\Kominfo_Alvijar\system\Commands\Server\rewrite.php(43): require_once('C:\\xampp\\htdocs...')
#10 {main}
CRITICAL - 2022-02-10 02:11:36 --> Undefined variable: agama
#0 C:\xampp\htdocs\Kominfo_Alvijar\app\Views\landingpage.php(57): CodeIgniter\Debug\Exceptions->errorHandler(8, 'Undefined varia...', 'C:\\xampp\\htdocs...', 57, Array)
#1 C:\xampp\htdocs\Kominfo_Alvijar\system\View\View.php(210): include('C:\\xampp\\htdocs...')
#2 C:\xampp\htdocs\Kominfo_Alvijar\system\View\View.php(213): CodeIgniter\View\View->CodeIgniter\View\{closure}()
#3 C:\xampp\htdocs\Kominfo_Alvijar\system\Common.php(1089): CodeIgniter\View\View->render('landingpage', Array, true)
#4 C:\xampp\htdocs\Kominfo_Alvijar\app\Controllers\LandingPage.php(13): view('landingpage')
#5 C:\xampp\htdocs\Kominfo_Alvijar\system\CodeIgniter.php(825): App\Controllers\LandingPage->index()
#6 C:\xampp\htdocs\Kominfo_Alvijar\system\CodeIgniter.php(412): CodeIgniter\CodeIgniter->runController(Object(App\Controllers\LandingPage))
#7 C:\xampp\htdocs\Kominfo_Alvijar\system\CodeIgniter.php(320): CodeIgniter\CodeIgniter->handleRequest(NULL, Object(Config\Cache), false)
#8 C:\xampp\htdocs\Kominfo_Alvijar\public\index.php(37): CodeIgniter\CodeIgniter->run()
#9 C:\xampp\htdocs\Kominfo_Alvijar\system\Commands\Server\rewrite.php(43): require_once('C:\\xampp\\htdocs...')
#10 {main}
