CRITICAL - 2022-03-06 19:28:18 --> Undefined array key "ID_Kemampuan"
#0 C:\xampp\htdocs\Kominfo_Alvijar\app\Controllers\LandingPage.php(51): CodeIgniter\Debug\Exceptions->errorHandler(2, 'Undefined array...', 'C:\\xampp\\htdocs...', 51)
#1 C:\xampp\htdocs\Kominfo_Alvijar\system\CodeIgniter.php(825): App\Controllers\LandingPage->tambah_datapenduduk()
#2 C:\xampp\htdocs\Kominfo_Alvijar\system\CodeIgniter.php(412): CodeIgniter\CodeIgniter->runController(Object(App\Controllers\LandingPage))
#3 C:\xampp\htdocs\Kominfo_Alvijar\system\CodeIgniter.php(320): CodeIgniter\CodeIgniter->handleRequest(NULL, Object(Config\Cache), false)
#4 C:\xampp\htdocs\Kominfo_Alvijar\public\index.php(37): CodeIgniter\CodeIgniter->run()
#5 C:\xampp\htdocs\Kominfo_Alvijar\system\Commands\Server\rewrite.php(43): require_once('C:\\xampp\\htdocs...')
#6 {main}
CRITICAL - 2022-03-06 19:28:40 --> Undefined array key "ID_Kemampuan"
#0 C:\xampp\htdocs\Kominfo_Alvijar\app\Controllers\LandingPage.php(58): CodeIgniter\Debug\Exceptions->errorHandler(2, 'Undefined array...', 'C:\\xampp\\htdocs...', 58)
#1 C:\xampp\htdocs\Kominfo_Alvijar\system\CodeIgniter.php(825): App\Controllers\LandingPage->tambah_datapenduduk()
#2 C:\xampp\htdocs\Kominfo_Alvijar\system\CodeIgniter.php(412): CodeIgniter\CodeIgniter->runController(Object(App\Controllers\LandingPage))
#3 C:\xampp\htdocs\Kominfo_Alvijar\system\CodeIgniter.php(320): CodeIgniter\CodeIgniter->handleRequest(NULL, Object(Config\Cache), false)
#4 C:\xampp\htdocs\Kominfo_Alvijar\public\index.php(37): CodeIgniter\CodeIgniter->run()
#5 C:\xampp\htdocs\Kominfo_Alvijar\system\Commands\Server\rewrite.php(43): require_once('C:\\xampp\\htdocs...')
#6 {main}
CRITICAL - 2022-03-06 19:34:27 --> Undefined array key "ID_Kemampuan"
#0 C:\xampp\htdocs\Kominfo_Alvijar\app\Controllers\LandingPage.php(62): CodeIgniter\Debug\Exceptions->errorHandler(2, 'Undefined array...', 'C:\\xampp\\htdocs...', 62)
#1 C:\xampp\htdocs\Kominfo_Alvijar\system\CodeIgniter.php(825): App\Controllers\LandingPage->tambah_datapenduduk()
#2 C:\xampp\htdocs\Kominfo_Alvijar\system\CodeIgniter.php(412): CodeIgniter\CodeIgniter->runController(Object(App\Controllers\LandingPage))
#3 C:\xampp\htdocs\Kominfo_Alvijar\system\CodeIgniter.php(320): CodeIgniter\CodeIgniter->handleRequest(NULL, Object(Config\Cache), false)
#4 C:\xampp\htdocs\Kominfo_Alvijar\public\index.php(37): CodeIgniter\CodeIgniter->run()
#5 C:\xampp\htdocs\Kominfo_Alvijar\system\Commands\Server\rewrite.php(43): require_once('C:\\xampp\\htdocs...')
#6 {main}
ERROR - 2022-03-06 20:34:32 --> Duplicate entry '11' for key 'ID_Kemampuan_2'
CRITICAL - 2022-03-06 20:34:32 --> Duplicate entry '11' for key 'ID_Kemampuan_2'
#0 C:\xampp\htdocs\Kominfo_Alvijar\system\Database\MySQLi\Connection.php(292): mysqli->query('INSERT INTO `id...', 0)
#1 C:\xampp\htdocs\Kominfo_Alvijar\system\Database\BaseConnection.php(670): CodeIgniter\Database\MySQLi\Connection->execute('INSERT INTO `id...')
#2 C:\xampp\htdocs\Kominfo_Alvijar\system\Database\BaseConnection.php(598): CodeIgniter\Database\BaseConnection->simpleQuery('INSERT INTO `id...')
#3 C:\xampp\htdocs\Kominfo_Alvijar\system\Database\BaseBuilder.php(1771): CodeIgniter\Database\BaseConnection->query('INSERT INTO `id...', Array, false)
#4 C:\xampp\htdocs\Kominfo_Alvijar\system\Model.php(239): CodeIgniter\Database\BaseBuilder->insert()
#5 C:\xampp\htdocs\Kominfo_Alvijar\system\BaseModel.php(738): CodeIgniter\Model->doInsert(Array)
#6 C:\xampp\htdocs\Kominfo_Alvijar\system\Model.php(625): CodeIgniter\BaseModel->insert(Array, false)
#7 C:\xampp\htdocs\Kominfo_Alvijar\system\BaseModel.php(658): CodeIgniter\Model->insert(Array, false)
#8 C:\xampp\htdocs\Kominfo_Alvijar\app\Controllers\LandingPage.php(51): CodeIgniter\BaseModel->save(Array)
#9 C:\xampp\htdocs\Kominfo_Alvijar\system\CodeIgniter.php(825): App\Controllers\LandingPage->tambah_datapenduduk()
#10 C:\xampp\htdocs\Kominfo_Alvijar\system\CodeIgniter.php(412): CodeIgniter\CodeIgniter->runController(Object(App\Controllers\LandingPage))
#11 C:\xampp\htdocs\Kominfo_Alvijar\system\CodeIgniter.php(320): CodeIgniter\CodeIgniter->handleRequest(NULL, Object(Config\Cache), false)
#12 C:\xampp\htdocs\Kominfo_Alvijar\public\index.php(37): CodeIgniter\CodeIgniter->run()
#13 C:\xampp\htdocs\Kominfo_Alvijar\system\Commands\Server\rewrite.php(43): require_once('C:\\xampp\\htdocs...')
#14 {main}
