CRITICAL - 2022-02-21 20:29:15 --> Undefined property: stdClass::$Kartu_Keluarga
#0 C:\xampp\htdocs\Kominfo_Alvijar\app\Views\CRUD\landingpage.php(50): CodeIgniter\Debug\Exceptions->errorHandler(8, 'Undefined prope...', 'C:\\xampp\\htdocs...', 50, Array)
#1 C:\xampp\htdocs\Kominfo_Alvijar\system\View\View.php(210): include('C:\\xampp\\htdocs...')
#2 C:\xampp\htdocs\Kominfo_Alvijar\system\View\View.php(213): CodeIgniter\View\View->CodeIgniter\View\{closure}()
#3 C:\xampp\htdocs\Kominfo_Alvijar\system\Common.php(1089): CodeIgniter\View\View->render('CRUD/landingpag...', Array, true)
#4 C:\xampp\htdocs\Kominfo_Alvijar\app\Controllers\LandingPage.php(22): view('CRUD/landingpag...', Array)
#5 C:\xampp\htdocs\Kominfo_Alvijar\system\CodeIgniter.php(825): App\Controllers\LandingPage->index()
#6 C:\xampp\htdocs\Kominfo_Alvijar\system\CodeIgniter.php(412): CodeIgniter\CodeIgniter->runController(Object(App\Controllers\LandingPage))
#7 C:\xampp\htdocs\Kominfo_Alvijar\system\CodeIgniter.php(320): CodeIgniter\CodeIgniter->handleRequest(NULL, Object(Config\Cache), false)
#8 C:\xampp\htdocs\Kominfo_Alvijar\public\index.php(37): CodeIgniter\CodeIgniter->run()
#9 C:\xampp\htdocs\Kominfo_Alvijar\system\Commands\Server\rewrite.php(43): require_once('C:\\xampp\\htdocs...')
#10 {main}
CRITICAL - 2022-02-21 20:30:04 --> Undefined property: stdClass::$Kartu_Keluarga
#0 C:\xampp\htdocs\Kominfo_Alvijar\app\Views\CRUD\landingpage.php(50): CodeIgniter\Debug\Exceptions->errorHandler(8, 'Undefined prope...', 'C:\\xampp\\htdocs...', 50, Array)
#1 C:\xampp\htdocs\Kominfo_Alvijar\system\View\View.php(210): include('C:\\xampp\\htdocs...')
#2 C:\xampp\htdocs\Kominfo_Alvijar\system\View\View.php(213): CodeIgniter\View\View->CodeIgniter\View\{closure}()
#3 C:\xampp\htdocs\Kominfo_Alvijar\system\Common.php(1089): CodeIgniter\View\View->render('CRUD/landingpag...', Array, true)
#4 C:\xampp\htdocs\Kominfo_Alvijar\app\Controllers\LandingPage.php(22): view('CRUD/landingpag...', Array)
#5 C:\xampp\htdocs\Kominfo_Alvijar\system\CodeIgniter.php(825): App\Controllers\LandingPage->index()
#6 C:\xampp\htdocs\Kominfo_Alvijar\system\CodeIgniter.php(412): CodeIgniter\CodeIgniter->runController(Object(App\Controllers\LandingPage))
#7 C:\xampp\htdocs\Kominfo_Alvijar\system\CodeIgniter.php(320): CodeIgniter\CodeIgniter->handleRequest(NULL, Object(Config\Cache), false)
#8 C:\xampp\htdocs\Kominfo_Alvijar\public\index.php(37): CodeIgniter\CodeIgniter->run()
#9 C:\xampp\htdocs\Kominfo_Alvijar\system\Commands\Server\rewrite.php(43): require_once('C:\\xampp\\htdocs...')
#10 {main}
CRITICAL - 2022-02-21 20:30:06 --> Undefined property: stdClass::$Kartu_Keluarga
#0 C:\xampp\htdocs\Kominfo_Alvijar\app\Views\CRUD\landingpage.php(50): CodeIgniter\Debug\Exceptions->errorHandler(8, 'Undefined prope...', 'C:\\xampp\\htdocs...', 50, Array)
#1 C:\xampp\htdocs\Kominfo_Alvijar\system\View\View.php(210): include('C:\\xampp\\htdocs...')
#2 C:\xampp\htdocs\Kominfo_Alvijar\system\View\View.php(213): CodeIgniter\View\View->CodeIgniter\View\{closure}()
#3 C:\xampp\htdocs\Kominfo_Alvijar\system\Common.php(1089): CodeIgniter\View\View->render('CRUD/landingpag...', Array, true)
#4 C:\xampp\htdocs\Kominfo_Alvijar\app\Controllers\LandingPage.php(22): view('CRUD/landingpag...', Array)
#5 C:\xampp\htdocs\Kominfo_Alvijar\system\CodeIgniter.php(825): App\Controllers\LandingPage->index()
#6 C:\xampp\htdocs\Kominfo_Alvijar\system\CodeIgniter.php(412): CodeIgniter\CodeIgniter->runController(Object(App\Controllers\LandingPage))
#7 C:\xampp\htdocs\Kominfo_Alvijar\system\CodeIgniter.php(320): CodeIgniter\CodeIgniter->handleRequest(NULL, Object(Config\Cache), false)
#8 C:\xampp\htdocs\Kominfo_Alvijar\public\index.php(37): CodeIgniter\CodeIgniter->run()
#9 C:\xampp\htdocs\Kominfo_Alvijar\system\Commands\Server\rewrite.php(43): require_once('C:\\xampp\\htdocs...')
#10 {main}
CRITICAL - 2022-02-21 20:33:53 --> syntax error, unexpected '?>'
#0 C:\xampp\htdocs\Kominfo_Alvijar\system\View\View.php(213): CodeIgniter\View\View->CodeIgniter\View\{closure}()
#1 C:\xampp\htdocs\Kominfo_Alvijar\system\Common.php(1089): CodeIgniter\View\View->render('CRUD/landingpag...', Array, true)
#2 C:\xampp\htdocs\Kominfo_Alvijar\app\Controllers\LandingPage.php(22): view('CRUD/landingpag...', Array)
#3 C:\xampp\htdocs\Kominfo_Alvijar\system\CodeIgniter.php(825): App\Controllers\LandingPage->index()
#4 C:\xampp\htdocs\Kominfo_Alvijar\system\CodeIgniter.php(412): CodeIgniter\CodeIgniter->runController(Object(App\Controllers\LandingPage))
#5 C:\xampp\htdocs\Kominfo_Alvijar\system\CodeIgniter.php(320): CodeIgniter\CodeIgniter->handleRequest(NULL, Object(Config\Cache), false)
#6 C:\xampp\htdocs\Kominfo_Alvijar\public\index.php(37): CodeIgniter\CodeIgniter->run()
#7 C:\xampp\htdocs\Kominfo_Alvijar\system\Commands\Server\rewrite.php(43): require_once('C:\\xampp\\htdocs...')
#8 {main}
CRITICAL - 2022-02-21 20:35:01 --> Trying to get property 'No_Urut' of non-object
#0 C:\xampp\htdocs\Kominfo_Alvijar\app\Views\CRUD\landingpage.php(40): CodeIgniter\Debug\Exceptions->errorHandler(8, 'Trying to get p...', 'C:\\xampp\\htdocs...', 40, Array)
#1 C:\xampp\htdocs\Kominfo_Alvijar\system\View\View.php(210): include('C:\\xampp\\htdocs...')
#2 C:\xampp\htdocs\Kominfo_Alvijar\system\View\View.php(213): CodeIgniter\View\View->CodeIgniter\View\{closure}()
#3 C:\xampp\htdocs\Kominfo_Alvijar\system\Common.php(1089): CodeIgniter\View\View->render('CRUD/landingpag...', Array, true)
#4 C:\xampp\htdocs\Kominfo_Alvijar\app\Controllers\LandingPage.php(22): view('CRUD/landingpag...', Array)
#5 C:\xampp\htdocs\Kominfo_Alvijar\system\CodeIgniter.php(825): App\Controllers\LandingPage->index()
#6 C:\xampp\htdocs\Kominfo_Alvijar\system\CodeIgniter.php(412): CodeIgniter\CodeIgniter->runController(Object(App\Controllers\LandingPage))
#7 C:\xampp\htdocs\Kominfo_Alvijar\system\CodeIgniter.php(320): CodeIgniter\CodeIgniter->handleRequest(NULL, Object(Config\Cache), false)
#8 C:\xampp\htdocs\Kominfo_Alvijar\public\index.php(37): CodeIgniter\CodeIgniter->run()
#9 C:\xampp\htdocs\Kominfo_Alvijar\system\Commands\Server\rewrite.php(43): require_once('C:\\xampp\\htdocs...')
#10 {main}
CRITICAL - 2022-02-21 20:49:50 --> Trying to get property 'Nama_Lengkap' of non-object
#0 C:\xampp\htdocs\Kominfo_Alvijar\app\Views\CRUD\landingpage.php(41): CodeIgniter\Debug\Exceptions->errorHandler(8, 'Trying to get p...', 'C:\\xampp\\htdocs...', 41, Array)
#1 C:\xampp\htdocs\Kominfo_Alvijar\system\View\View.php(210): include('C:\\xampp\\htdocs...')
#2 C:\xampp\htdocs\Kominfo_Alvijar\system\View\View.php(213): CodeIgniter\View\View->CodeIgniter\View\{closure}()
#3 C:\xampp\htdocs\Kominfo_Alvijar\system\Common.php(1089): CodeIgniter\View\View->render('CRUD/landingpag...', Array, true)
#4 C:\xampp\htdocs\Kominfo_Alvijar\app\Controllers\LandingPage.php(23): view('CRUD/landingpag...', Array)
#5 C:\xampp\htdocs\Kominfo_Alvijar\system\CodeIgniter.php(825): App\Controllers\LandingPage->index()
#6 C:\xampp\htdocs\Kominfo_Alvijar\system\CodeIgniter.php(412): CodeIgniter\CodeIgniter->runController(Object(App\Controllers\LandingPage))
#7 C:\xampp\htdocs\Kominfo_Alvijar\system\CodeIgniter.php(320): CodeIgniter\CodeIgniter->handleRequest(NULL, Object(Config\Cache), false)
#8 C:\xampp\htdocs\Kominfo_Alvijar\public\index.php(37): CodeIgniter\CodeIgniter->run()
#9 C:\xampp\htdocs\Kominfo_Alvijar\system\Commands\Server\rewrite.php(43): require_once('C:\\xampp\\htdocs...')
#10 {main}
CRITICAL - 2022-02-21 20:53:02 --> Undefined variable: key
#0 C:\xampp\htdocs\Kominfo_Alvijar\app\Views\CRUD\landingpage.php(43): CodeIgniter\Debug\Exceptions->errorHandler(8, 'Undefined varia...', 'C:\\xampp\\htdocs...', 43, Array)
#1 C:\xampp\htdocs\Kominfo_Alvijar\system\View\View.php(210): include('C:\\xampp\\htdocs...')
#2 C:\xampp\htdocs\Kominfo_Alvijar\system\View\View.php(213): CodeIgniter\View\View->CodeIgniter\View\{closure}()
#3 C:\xampp\htdocs\Kominfo_Alvijar\system\Common.php(1089): CodeIgniter\View\View->render('CRUD/landingpag...', Array, true)
#4 C:\xampp\htdocs\Kominfo_Alvijar\app\Controllers\LandingPage.php(23): view('CRUD/landingpag...', Array)
#5 C:\xampp\htdocs\Kominfo_Alvijar\system\CodeIgniter.php(825): App\Controllers\LandingPage->index()
#6 C:\xampp\htdocs\Kominfo_Alvijar\system\CodeIgniter.php(412): CodeIgniter\CodeIgniter->runController(Object(App\Controllers\LandingPage))
#7 C:\xampp\htdocs\Kominfo_Alvijar\system\CodeIgniter.php(320): CodeIgniter\CodeIgniter->handleRequest(NULL, Object(Config\Cache), false)
#8 C:\xampp\htdocs\Kominfo_Alvijar\public\index.php(37): CodeIgniter\CodeIgniter->run()
#9 C:\xampp\htdocs\Kominfo_Alvijar\system\Commands\Server\rewrite.php(43): require_once('C:\\xampp\\htdocs...')
#10 {main}
CRITICAL - 2022-02-21 20:59:32 --> Undefined index: J_Kelamin?
#0 C:\xampp\htdocs\Kominfo_Alvijar\app\Views\CRUD\landingpage.php(49): CodeIgniter\Debug\Exceptions->errorHandler(8, 'Undefined index...', 'C:\\xampp\\htdocs...', 49, Array)
#1 C:\xampp\htdocs\Kominfo_Alvijar\system\View\View.php(210): include('C:\\xampp\\htdocs...')
#2 C:\xampp\htdocs\Kominfo_Alvijar\system\View\View.php(213): CodeIgniter\View\View->CodeIgniter\View\{closure}()
#3 C:\xampp\htdocs\Kominfo_Alvijar\system\Common.php(1089): CodeIgniter\View\View->render('CRUD/landingpag...', Array, true)
#4 C:\xampp\htdocs\Kominfo_Alvijar\app\Controllers\LandingPage.php(23): view('CRUD/landingpag...', Array)
#5 C:\xampp\htdocs\Kominfo_Alvijar\system\CodeIgniter.php(825): App\Controllers\LandingPage->index()
#6 C:\xampp\htdocs\Kominfo_Alvijar\system\CodeIgniter.php(412): CodeIgniter\CodeIgniter->runController(Object(App\Controllers\LandingPage))
#7 C:\xampp\htdocs\Kominfo_Alvijar\system\CodeIgniter.php(320): CodeIgniter\CodeIgniter->handleRequest(NULL, Object(Config\Cache), false)
#8 C:\xampp\htdocs\Kominfo_Alvijar\public\index.php(37): CodeIgniter\CodeIgniter->run()
#9 C:\xampp\htdocs\Kominfo_Alvijar\system\Commands\Server\rewrite.php(43): require_once('C:\\xampp\\htdocs...')
#10 {main}
CRITICAL - 2022-02-21 20:59:53 --> Undefined variable: value
#0 C:\xampp\htdocs\Kominfo_Alvijar\app\Views\CRUD\landingpage.php(55): CodeIgniter\Debug\Exceptions->errorHandler(8, 'Undefined varia...', 'C:\\xampp\\htdocs...', 55, Array)
#1 C:\xampp\htdocs\Kominfo_Alvijar\system\View\View.php(210): include('C:\\xampp\\htdocs...')
#2 C:\xampp\htdocs\Kominfo_Alvijar\system\View\View.php(213): CodeIgniter\View\View->CodeIgniter\View\{closure}()
#3 C:\xampp\htdocs\Kominfo_Alvijar\system\Common.php(1089): CodeIgniter\View\View->render('CRUD/landingpag...', Array, true)
#4 C:\xampp\htdocs\Kominfo_Alvijar\app\Controllers\LandingPage.php(23): view('CRUD/landingpag...', Array)
#5 C:\xampp\htdocs\Kominfo_Alvijar\system\CodeIgniter.php(825): App\Controllers\LandingPage->index()
#6 C:\xampp\htdocs\Kominfo_Alvijar\system\CodeIgniter.php(412): CodeIgniter\CodeIgniter->runController(Object(App\Controllers\LandingPage))
#7 C:\xampp\htdocs\Kominfo_Alvijar\system\CodeIgniter.php(320): CodeIgniter\CodeIgniter->handleRequest(NULL, Object(Config\Cache), false)
#8 C:\xampp\htdocs\Kominfo_Alvijar\public\index.php(37): CodeIgniter\CodeIgniter->run()
#9 C:\xampp\htdocs\Kominfo_Alvijar\system\Commands\Server\rewrite.php(43): require_once('C:\\xampp\\htdocs...')
#10 {main}
