ERROR - 2022-02-23 19:45:45 --> Unknown column 'identitas_pribadi.Kartu_Keluarga' in 'on clause'
CRITICAL - 2022-02-23 19:45:45 --> Unknown column 'identitas_pribadi.Kartu_Keluarga' in 'on clause'
#0 C:\xampp\htdocs\Kominfo_Alvijar\system\Database\MySQLi\Connection.php(292): mysqli->query('SELECT *\nFROM `...', 0)
#1 C:\xampp\htdocs\Kominfo_Alvijar\system\Database\BaseConnection.php(670): CodeIgniter\Database\MySQLi\Connection->execute('SELECT *\nFROM `...')
#2 C:\xampp\htdocs\Kominfo_Alvijar\system\Database\BaseConnection.php(598): CodeIgniter\Database\BaseConnection->simpleQuery('SELECT *\nFROM `...')
#3 C:\xampp\htdocs\Kominfo_Alvijar\system\Database\BaseBuilder.php(1455): CodeIgniter\Database\BaseConnection->query('SELECT *\nFROM `...', Array, false)
#4 C:\xampp\htdocs\Kominfo_Alvijar\app\Models\Data_Pribadi.php(21): CodeIgniter\Database\BaseBuilder->get()
#5 C:\xampp\htdocs\Kominfo_Alvijar\app\Controllers\LandingPage.php(22): App\Models\Data_Pribadi->getdatapribadi()
#6 C:\xampp\htdocs\Kominfo_Alvijar\system\CodeIgniter.php(825): App\Controllers\LandingPage->index()
#7 C:\xampp\htdocs\Kominfo_Alvijar\system\CodeIgniter.php(412): CodeIgniter\CodeIgniter->runController(Object(App\Controllers\LandingPage))
#8 C:\xampp\htdocs\Kominfo_Alvijar\system\CodeIgniter.php(320): CodeIgniter\CodeIgniter->handleRequest(NULL, Object(Config\Cache), false)
#9 C:\xampp\htdocs\Kominfo_Alvijar\public\index.php(37): CodeIgniter\CodeIgniter->run()
#10 C:\xampp\htdocs\Kominfo_Alvijar\system\Commands\Server\rewrite.php(43): require_once('C:\\xampp\\htdocs...')
#11 {main}
ERROR - 2022-02-23 19:45:46 --> Unknown column 'identitas_pribadi.Kartu_Keluarga' in 'on clause'
CRITICAL - 2022-02-23 19:45:46 --> Unknown column 'identitas_pribadi.Kartu_Keluarga' in 'on clause'
#0 C:\xampp\htdocs\Kominfo_Alvijar\system\Database\MySQLi\Connection.php(292): mysqli->query('SELECT *\nFROM `...', 0)
#1 C:\xampp\htdocs\Kominfo_Alvijar\system\Database\BaseConnection.php(670): CodeIgniter\Database\MySQLi\Connection->execute('SELECT *\nFROM `...')
#2 C:\xampp\htdocs\Kominfo_Alvijar\system\Database\BaseConnection.php(598): CodeIgniter\Database\BaseConnection->simpleQuery('SELECT *\nFROM `...')
#3 C:\xampp\htdocs\Kominfo_Alvijar\system\Database\BaseBuilder.php(1455): CodeIgniter\Database\BaseConnection->query('SELECT *\nFROM `...', Array, false)
#4 C:\xampp\htdocs\Kominfo_Alvijar\app\Models\Data_Pribadi.php(21): CodeIgniter\Database\BaseBuilder->get()
#5 C:\xampp\htdocs\Kominfo_Alvijar\app\Controllers\LandingPage.php(22): App\Models\Data_Pribadi->getdatapribadi()
#6 C:\xampp\htdocs\Kominfo_Alvijar\system\CodeIgniter.php(825): App\Controllers\LandingPage->index()
#7 C:\xampp\htdocs\Kominfo_Alvijar\system\CodeIgniter.php(412): CodeIgniter\CodeIgniter->runController(Object(App\Controllers\LandingPage))
#8 C:\xampp\htdocs\Kominfo_Alvijar\system\CodeIgniter.php(320): CodeIgniter\CodeIgniter->handleRequest(NULL, Object(Config\Cache), false)
#9 C:\xampp\htdocs\Kominfo_Alvijar\public\index.php(37): CodeIgniter\CodeIgniter->run()
#10 C:\xampp\htdocs\Kominfo_Alvijar\system\Commands\Server\rewrite.php(43): require_once('C:\\xampp\\htdocs...')
#11 {main}
ERROR - 2022-02-23 19:45:52 --> Unknown column 'identitas_pribadi.Kartu_Keluarga' in 'on clause'
CRITICAL - 2022-02-23 19:45:52 --> Unknown column 'identitas_pribadi.Kartu_Keluarga' in 'on clause'
#0 C:\xampp\htdocs\Kominfo_Alvijar\system\Database\MySQLi\Connection.php(292): mysqli->query('SELECT *\nFROM `...', 0)
#1 C:\xampp\htdocs\Kominfo_Alvijar\system\Database\BaseConnection.php(670): CodeIgniter\Database\MySQLi\Connection->execute('SELECT *\nFROM `...')
#2 C:\xampp\htdocs\Kominfo_Alvijar\system\Database\BaseConnection.php(598): CodeIgniter\Database\BaseConnection->simpleQuery('SELECT *\nFROM `...')
#3 C:\xampp\htdocs\Kominfo_Alvijar\system\Database\BaseBuilder.php(1455): CodeIgniter\Database\BaseConnection->query('SELECT *\nFROM `...', Array, false)
#4 C:\xampp\htdocs\Kominfo_Alvijar\app\Models\Data_Pribadi.php(21): CodeIgniter\Database\BaseBuilder->get()
#5 C:\xampp\htdocs\Kominfo_Alvijar\app\Controllers\LandingPage.php(22): App\Models\Data_Pribadi->getdatapribadi()
#6 C:\xampp\htdocs\Kominfo_Alvijar\system\CodeIgniter.php(825): App\Controllers\LandingPage->index()
#7 C:\xampp\htdocs\Kominfo_Alvijar\system\CodeIgniter.php(412): CodeIgniter\CodeIgniter->runController(Object(App\Controllers\LandingPage))
#8 C:\xampp\htdocs\Kominfo_Alvijar\system\CodeIgniter.php(320): CodeIgniter\CodeIgniter->handleRequest(NULL, Object(Config\Cache), false)
#9 C:\xampp\htdocs\Kominfo_Alvijar\public\index.php(37): CodeIgniter\CodeIgniter->run()
#10 C:\xampp\htdocs\Kominfo_Alvijar\system\Commands\Server\rewrite.php(43): require_once('C:\\xampp\\htdocs...')
#11 {main}
ERROR - 2022-02-23 19:46:41 --> Unknown column 'identitas_pribadi.Kartu_Keluarga' in 'on clause'
CRITICAL - 2022-02-23 19:46:41 --> Unknown column 'identitas_pribadi.Kartu_Keluarga' in 'on clause'
#0 C:\xampp\htdocs\Kominfo_Alvijar\system\Database\MySQLi\Connection.php(292): mysqli->query('SELECT *\nFROM `...', 0)
#1 C:\xampp\htdocs\Kominfo_Alvijar\system\Database\BaseConnection.php(670): CodeIgniter\Database\MySQLi\Connection->execute('SELECT *\nFROM `...')
#2 C:\xampp\htdocs\Kominfo_Alvijar\system\Database\BaseConnection.php(598): CodeIgniter\Database\BaseConnection->simpleQuery('SELECT *\nFROM `...')
#3 C:\xampp\htdocs\Kominfo_Alvijar\system\Database\BaseBuilder.php(1455): CodeIgniter\Database\BaseConnection->query('SELECT *\nFROM `...', Array, false)
#4 C:\xampp\htdocs\Kominfo_Alvijar\app\Models\Data_Pribadi.php(21): CodeIgniter\Database\BaseBuilder->get()
#5 C:\xampp\htdocs\Kominfo_Alvijar\app\Controllers\LandingPage.php(22): App\Models\Data_Pribadi->getdatapribadi()
#6 C:\xampp\htdocs\Kominfo_Alvijar\system\CodeIgniter.php(825): App\Controllers\LandingPage->index()
#7 C:\xampp\htdocs\Kominfo_Alvijar\system\CodeIgniter.php(412): CodeIgniter\CodeIgniter->runController(Object(App\Controllers\LandingPage))
#8 C:\xampp\htdocs\Kominfo_Alvijar\system\CodeIgniter.php(320): CodeIgniter\CodeIgniter->handleRequest(NULL, Object(Config\Cache), false)
#9 C:\xampp\htdocs\Kominfo_Alvijar\public\index.php(37): CodeIgniter\CodeIgniter->run()
#10 C:\xampp\htdocs\Kominfo_Alvijar\system\Commands\Server\rewrite.php(43): require_once('C:\\xampp\\htdocs...')
#11 {main}
ERROR - 2022-02-23 19:46:42 --> Unknown column 'identitas_pribadi.Kartu_Keluarga' in 'on clause'
CRITICAL - 2022-02-23 19:46:42 --> Unknown column 'identitas_pribadi.Kartu_Keluarga' in 'on clause'
#0 C:\xampp\htdocs\Kominfo_Alvijar\system\Database\MySQLi\Connection.php(292): mysqli->query('SELECT *\nFROM `...', 0)
#1 C:\xampp\htdocs\Kominfo_Alvijar\system\Database\BaseConnection.php(670): CodeIgniter\Database\MySQLi\Connection->execute('SELECT *\nFROM `...')
#2 C:\xampp\htdocs\Kominfo_Alvijar\system\Database\BaseConnection.php(598): CodeIgniter\Database\BaseConnection->simpleQuery('SELECT *\nFROM `...')
#3 C:\xampp\htdocs\Kominfo_Alvijar\system\Database\BaseBuilder.php(1455): CodeIgniter\Database\BaseConnection->query('SELECT *\nFROM `...', Array, false)
#4 C:\xampp\htdocs\Kominfo_Alvijar\app\Models\Data_Pribadi.php(21): CodeIgniter\Database\BaseBuilder->get()
#5 C:\xampp\htdocs\Kominfo_Alvijar\app\Controllers\LandingPage.php(22): App\Models\Data_Pribadi->getdatapribadi()
#6 C:\xampp\htdocs\Kominfo_Alvijar\system\CodeIgniter.php(825): App\Controllers\LandingPage->index()
#7 C:\xampp\htdocs\Kominfo_Alvijar\system\CodeIgniter.php(412): CodeIgniter\CodeIgniter->runController(Object(App\Controllers\LandingPage))
#8 C:\xampp\htdocs\Kominfo_Alvijar\system\CodeIgniter.php(320): CodeIgniter\CodeIgniter->handleRequest(NULL, Object(Config\Cache), false)
#9 C:\xampp\htdocs\Kominfo_Alvijar\public\index.php(37): CodeIgniter\CodeIgniter->run()
#10 C:\xampp\htdocs\Kominfo_Alvijar\system\Commands\Server\rewrite.php(43): require_once('C:\\xampp\\htdocs...')
#11 {main}
ERROR - 2022-02-23 19:47:47 --> Unknown column 'data_keluarga.No_Urut' in 'on clause'
CRITICAL - 2022-02-23 19:47:47 --> Unknown column 'data_keluarga.No_Urut' in 'on clause'
#0 C:\xampp\htdocs\Kominfo_Alvijar\system\Database\MySQLi\Connection.php(292): mysqli->query('SELECT *\nFROM `...', 0)
#1 C:\xampp\htdocs\Kominfo_Alvijar\system\Database\BaseConnection.php(670): CodeIgniter\Database\MySQLi\Connection->execute('SELECT *\nFROM `...')
#2 C:\xampp\htdocs\Kominfo_Alvijar\system\Database\BaseConnection.php(598): CodeIgniter\Database\BaseConnection->simpleQuery('SELECT *\nFROM `...')
#3 C:\xampp\htdocs\Kominfo_Alvijar\system\Database\BaseBuilder.php(1455): CodeIgniter\Database\BaseConnection->query('SELECT *\nFROM `...', Array, false)
#4 C:\xampp\htdocs\Kominfo_Alvijar\app\Models\Data_Pribadi.php(21): CodeIgniter\Database\BaseBuilder->get()
#5 C:\xampp\htdocs\Kominfo_Alvijar\app\Controllers\LandingPage.php(22): App\Models\Data_Pribadi->getdatapribadi()
#6 C:\xampp\htdocs\Kominfo_Alvijar\system\CodeIgniter.php(825): App\Controllers\LandingPage->index()
#7 C:\xampp\htdocs\Kominfo_Alvijar\system\CodeIgniter.php(412): CodeIgniter\CodeIgniter->runController(Object(App\Controllers\LandingPage))
#8 C:\xampp\htdocs\Kominfo_Alvijar\system\CodeIgniter.php(320): CodeIgniter\CodeIgniter->handleRequest(NULL, Object(Config\Cache), false)
#9 C:\xampp\htdocs\Kominfo_Alvijar\public\index.php(37): CodeIgniter\CodeIgniter->run()
#10 C:\xampp\htdocs\Kominfo_Alvijar\system\Commands\Server\rewrite.php(43): require_once('C:\\xampp\\htdocs...')
#11 {main}
CRITICAL - 2022-02-23 21:14:57 --> There is no primary key defined when trying to make insert.
#0 C:\xampp\htdocs\Kominfo_Alvijar\system\Model.php(229): CodeIgniter\Database\Exceptions\DataException::forEmptyPrimaryKey('insert')
#1 C:\xampp\htdocs\Kominfo_Alvijar\system\BaseModel.php(738): CodeIgniter\Model->doInsert(Array)
#2 C:\xampp\htdocs\Kominfo_Alvijar\system\Model.php(625): CodeIgniter\BaseModel->insert(Array, false)
#3 C:\xampp\htdocs\Kominfo_Alvijar\system\BaseModel.php(658): CodeIgniter\Model->insert(Array, false)
#4 C:\xampp\htdocs\Kominfo_Alvijar\app\Controllers\LandingPage.php(82): CodeIgniter\BaseModel->save(Array)
#5 C:\xampp\htdocs\Kominfo_Alvijar\system\CodeIgniter.php(825): App\Controllers\LandingPage->tambah_datapenduduk()
#6 C:\xampp\htdocs\Kominfo_Alvijar\system\CodeIgniter.php(412): CodeIgniter\CodeIgniter->runController(Object(App\Controllers\LandingPage))
#7 C:\xampp\htdocs\Kominfo_Alvijar\system\CodeIgniter.php(320): CodeIgniter\CodeIgniter->handleRequest(NULL, Object(Config\Cache), false)
#8 C:\xampp\htdocs\Kominfo_Alvijar\public\index.php(37): CodeIgniter\CodeIgniter->run()
#9 C:\xampp\htdocs\Kominfo_Alvijar\system\Commands\Server\rewrite.php(43): require_once('C:\\xampp\\htdocs...')
#10 {main}
CRITICAL - 2022-02-23 21:20:03 --> There is no primary key defined when trying to make insert.
#0 C:\xampp\htdocs\Kominfo_Alvijar\system\Model.php(229): CodeIgniter\Database\Exceptions\DataException::forEmptyPrimaryKey('insert')
#1 C:\xampp\htdocs\Kominfo_Alvijar\system\BaseModel.php(738): CodeIgniter\Model->doInsert(Array)
#2 C:\xampp\htdocs\Kominfo_Alvijar\system\Model.php(625): CodeIgniter\BaseModel->insert(Array, false)
#3 C:\xampp\htdocs\Kominfo_Alvijar\system\BaseModel.php(658): CodeIgniter\Model->insert(Array, false)
#4 C:\xampp\htdocs\Kominfo_Alvijar\app\Controllers\LandingPage.php(82): CodeIgniter\BaseModel->save(Array)
#5 C:\xampp\htdocs\Kominfo_Alvijar\system\CodeIgniter.php(825): App\Controllers\LandingPage->tambah_datapenduduk()
#6 C:\xampp\htdocs\Kominfo_Alvijar\system\CodeIgniter.php(412): CodeIgniter\CodeIgniter->runController(Object(App\Controllers\LandingPage))
#7 C:\xampp\htdocs\Kominfo_Alvijar\system\CodeIgniter.php(320): CodeIgniter\CodeIgniter->handleRequest(NULL, Object(Config\Cache), false)
#8 C:\xampp\htdocs\Kominfo_Alvijar\public\index.php(37): CodeIgniter\CodeIgniter->run()
#9 C:\xampp\htdocs\Kominfo_Alvijar\system\Commands\Server\rewrite.php(43): require_once('C:\\xampp\\htdocs...')
#10 {main}
CRITICAL - 2022-02-23 21:20:10 --> There is no primary key defined when trying to make insert.
#0 C:\xampp\htdocs\Kominfo_Alvijar\system\Model.php(229): CodeIgniter\Database\Exceptions\DataException::forEmptyPrimaryKey('insert')
#1 C:\xampp\htdocs\Kominfo_Alvijar\system\BaseModel.php(738): CodeIgniter\Model->doInsert(Array)
#2 C:\xampp\htdocs\Kominfo_Alvijar\system\Model.php(625): CodeIgniter\BaseModel->insert(Array, false)
#3 C:\xampp\htdocs\Kominfo_Alvijar\system\BaseModel.php(658): CodeIgniter\Model->insert(Array, false)
#4 C:\xampp\htdocs\Kominfo_Alvijar\app\Controllers\LandingPage.php(82): CodeIgniter\BaseModel->save(Array)
#5 C:\xampp\htdocs\Kominfo_Alvijar\system\CodeIgniter.php(825): App\Controllers\LandingPage->tambah_datapenduduk()
#6 C:\xampp\htdocs\Kominfo_Alvijar\system\CodeIgniter.php(412): CodeIgniter\CodeIgniter->runController(Object(App\Controllers\LandingPage))
#7 C:\xampp\htdocs\Kominfo_Alvijar\system\CodeIgniter.php(320): CodeIgniter\CodeIgniter->handleRequest(NULL, Object(Config\Cache), false)
#8 C:\xampp\htdocs\Kominfo_Alvijar\public\index.php(37): CodeIgniter\CodeIgniter->run()
#9 C:\xampp\htdocs\Kominfo_Alvijar\system\Commands\Server\rewrite.php(43): require_once('C:\\xampp\\htdocs...')
#10 {main}
CRITICAL - 2022-02-23 21:20:49 --> There is no primary key defined when trying to make insert.
#0 C:\xampp\htdocs\Kominfo_Alvijar\system\Model.php(229): CodeIgniter\Database\Exceptions\DataException::forEmptyPrimaryKey('insert')
#1 C:\xampp\htdocs\Kominfo_Alvijar\system\BaseModel.php(738): CodeIgniter\Model->doInsert(Array)
#2 C:\xampp\htdocs\Kominfo_Alvijar\system\Model.php(625): CodeIgniter\BaseModel->insert(Array, false)
#3 C:\xampp\htdocs\Kominfo_Alvijar\system\BaseModel.php(658): CodeIgniter\Model->insert(Array, false)
#4 C:\xampp\htdocs\Kominfo_Alvijar\app\Controllers\LandingPage.php(82): CodeIgniter\BaseModel->save(Array)
#5 C:\xampp\htdocs\Kominfo_Alvijar\system\CodeIgniter.php(825): App\Controllers\LandingPage->tambah_datapenduduk()
#6 C:\xampp\htdocs\Kominfo_Alvijar\system\CodeIgniter.php(412): CodeIgniter\CodeIgniter->runController(Object(App\Controllers\LandingPage))
#7 C:\xampp\htdocs\Kominfo_Alvijar\system\CodeIgniter.php(320): CodeIgniter\CodeIgniter->handleRequest(NULL, Object(Config\Cache), false)
#8 C:\xampp\htdocs\Kominfo_Alvijar\public\index.php(37): CodeIgniter\CodeIgniter->run()
#9 C:\xampp\htdocs\Kominfo_Alvijar\system\Commands\Server\rewrite.php(43): require_once('C:\\xampp\\htdocs...')
#10 {main}
CRITICAL - 2022-02-23 21:33:39 --> There is no primary key defined when trying to make insert.
#0 C:\xampp\htdocs\Kominfo_Alvijar\system\Model.php(229): CodeIgniter\Database\Exceptions\DataException::forEmptyPrimaryKey('insert')
#1 C:\xampp\htdocs\Kominfo_Alvijar\system\BaseModel.php(738): CodeIgniter\Model->doInsert(Array)
#2 C:\xampp\htdocs\Kominfo_Alvijar\system\Model.php(625): CodeIgniter\BaseModel->insert(Array, false)
#3 C:\xampp\htdocs\Kominfo_Alvijar\system\BaseModel.php(658): CodeIgniter\Model->insert(Array, false)
#4 C:\xampp\htdocs\Kominfo_Alvijar\app\Controllers\LandingPage.php(82): CodeIgniter\BaseModel->save(Array)
#5 C:\xampp\htdocs\Kominfo_Alvijar\system\CodeIgniter.php(825): App\Controllers\LandingPage->tambah_datapenduduk()
#6 C:\xampp\htdocs\Kominfo_Alvijar\system\CodeIgniter.php(412): CodeIgniter\CodeIgniter->runController(Object(App\Controllers\LandingPage))
#7 C:\xampp\htdocs\Kominfo_Alvijar\system\CodeIgniter.php(320): CodeIgniter\CodeIgniter->handleRequest(NULL, Object(Config\Cache), false)
#8 C:\xampp\htdocs\Kominfo_Alvijar\public\index.php(37): CodeIgniter\CodeIgniter->run()
#9 C:\xampp\htdocs\Kominfo_Alvijar\system\Commands\Server\rewrite.php(43): require_once('C:\\xampp\\htdocs...')
#10 {main}
CRITICAL - 2022-02-23 21:34:11 --> There is no primary key defined when trying to make insert.
#0 C:\xampp\htdocs\Kominfo_Alvijar\system\Model.php(229): CodeIgniter\Database\Exceptions\DataException::forEmptyPrimaryKey('insert')
#1 C:\xampp\htdocs\Kominfo_Alvijar\system\BaseModel.php(738): CodeIgniter\Model->doInsert(Array)
#2 C:\xampp\htdocs\Kominfo_Alvijar\system\Model.php(625): CodeIgniter\BaseModel->insert(Array, false)
#3 C:\xampp\htdocs\Kominfo_Alvijar\system\BaseModel.php(658): CodeIgniter\Model->insert(Array, false)
#4 C:\xampp\htdocs\Kominfo_Alvijar\app\Controllers\LandingPage.php(82): CodeIgniter\BaseModel->save(Array)
#5 C:\xampp\htdocs\Kominfo_Alvijar\system\CodeIgniter.php(825): App\Controllers\LandingPage->tambah_datapenduduk()
#6 C:\xampp\htdocs\Kominfo_Alvijar\system\CodeIgniter.php(412): CodeIgniter\CodeIgniter->runController(Object(App\Controllers\LandingPage))
#7 C:\xampp\htdocs\Kominfo_Alvijar\system\CodeIgniter.php(320): CodeIgniter\CodeIgniter->handleRequest(NULL, Object(Config\Cache), false)
#8 C:\xampp\htdocs\Kominfo_Alvijar\public\index.php(37): CodeIgniter\CodeIgniter->run()
#9 C:\xampp\htdocs\Kominfo_Alvijar\system\Commands\Server\rewrite.php(43): require_once('C:\\xampp\\htdocs...')
#10 {main}
CRITICAL - 2022-02-23 21:38:46 --> There is no primary key defined when trying to make insert.
#0 C:\xampp\htdocs\Kominfo_Alvijar\system\Model.php(229): CodeIgniter\Database\Exceptions\DataException::forEmptyPrimaryKey('insert')
#1 C:\xampp\htdocs\Kominfo_Alvijar\system\BaseModel.php(738): CodeIgniter\Model->doInsert(Array)
#2 C:\xampp\htdocs\Kominfo_Alvijar\system\Model.php(625): CodeIgniter\BaseModel->insert(Array, false)
#3 C:\xampp\htdocs\Kominfo_Alvijar\system\BaseModel.php(658): CodeIgniter\Model->insert(Array, false)
#4 C:\xampp\htdocs\Kominfo_Alvijar\app\Controllers\LandingPage.php(82): CodeIgniter\BaseModel->save(Array)
#5 C:\xampp\htdocs\Kominfo_Alvijar\system\CodeIgniter.php(825): App\Controllers\LandingPage->tambah_datapenduduk()
#6 C:\xampp\htdocs\Kominfo_Alvijar\system\CodeIgniter.php(412): CodeIgniter\CodeIgniter->runController(Object(App\Controllers\LandingPage))
#7 C:\xampp\htdocs\Kominfo_Alvijar\system\CodeIgniter.php(320): CodeIgniter\CodeIgniter->handleRequest(NULL, Object(Config\Cache), false)
#8 C:\xampp\htdocs\Kominfo_Alvijar\public\index.php(37): CodeIgniter\CodeIgniter->run()
#9 C:\xampp\htdocs\Kominfo_Alvijar\system\Commands\Server\rewrite.php(43): require_once('C:\\xampp\\htdocs...')
#10 {main}
CRITICAL - 2022-02-23 21:46:13 --> There is no primary key defined when trying to make insert.
#0 C:\xampp\htdocs\Kominfo_Alvijar\system\Model.php(229): CodeIgniter\Database\Exceptions\DataException::forEmptyPrimaryKey('insert')
#1 C:\xampp\htdocs\Kominfo_Alvijar\system\BaseModel.php(738): CodeIgniter\Model->doInsert(Array)
#2 C:\xampp\htdocs\Kominfo_Alvijar\system\Model.php(625): CodeIgniter\BaseModel->insert(Array, false)
#3 C:\xampp\htdocs\Kominfo_Alvijar\system\BaseModel.php(658): CodeIgniter\Model->insert(Array, false)
#4 C:\xampp\htdocs\Kominfo_Alvijar\app\Controllers\LandingPage.php(82): CodeIgniter\BaseModel->save(Array)
#5 C:\xampp\htdocs\Kominfo_Alvijar\system\CodeIgniter.php(825): App\Controllers\LandingPage->tambah_datapenduduk()
#6 C:\xampp\htdocs\Kominfo_Alvijar\system\CodeIgniter.php(412): CodeIgniter\CodeIgniter->runController(Object(App\Controllers\LandingPage))
#7 C:\xampp\htdocs\Kominfo_Alvijar\system\CodeIgniter.php(320): CodeIgniter\CodeIgniter->handleRequest(NULL, Object(Config\Cache), false)
#8 C:\xampp\htdocs\Kominfo_Alvijar\public\index.php(37): CodeIgniter\CodeIgniter->run()
#9 C:\xampp\htdocs\Kominfo_Alvijar\system\Commands\Server\rewrite.php(43): require_once('C:\\xampp\\htdocs...')
#10 {main}
CRITICAL - 2022-02-23 21:52:35 --> There is no primary key defined when trying to make insert.
#0 C:\xampp\htdocs\Kominfo_Alvijar\system\Model.php(229): CodeIgniter\Database\Exceptions\DataException::forEmptyPrimaryKey('insert')
#1 C:\xampp\htdocs\Kominfo_Alvijar\system\BaseModel.php(738): CodeIgniter\Model->doInsert(Array)
#2 C:\xampp\htdocs\Kominfo_Alvijar\system\Model.php(625): CodeIgniter\BaseModel->insert(Array, false)
#3 C:\xampp\htdocs\Kominfo_Alvijar\system\BaseModel.php(658): CodeIgniter\Model->insert(Array, false)
#4 C:\xampp\htdocs\Kominfo_Alvijar\app\Controllers\LandingPage.php(58): CodeIgniter\BaseModel->save(Array)
#5 C:\xampp\htdocs\Kominfo_Alvijar\system\CodeIgniter.php(825): App\Controllers\LandingPage->tambah_datapenduduk()
#6 C:\xampp\htdocs\Kominfo_Alvijar\system\CodeIgniter.php(412): CodeIgniter\CodeIgniter->runController(Object(App\Controllers\LandingPage))
#7 C:\xampp\htdocs\Kominfo_Alvijar\system\CodeIgniter.php(320): CodeIgniter\CodeIgniter->handleRequest(NULL, Object(Config\Cache), false)
#8 C:\xampp\htdocs\Kominfo_Alvijar\public\index.php(37): CodeIgniter\CodeIgniter->run()
#9 C:\xampp\htdocs\Kominfo_Alvijar\system\Commands\Server\rewrite.php(43): require_once('C:\\xampp\\htdocs...')
#10 {main}
CRITICAL - 2022-02-23 21:58:15 --> There is no primary key defined when trying to make insert.
#0 C:\xampp\htdocs\Kominfo_Alvijar\system\Model.php(229): CodeIgniter\Database\Exceptions\DataException::forEmptyPrimaryKey('insert')
#1 C:\xampp\htdocs\Kominfo_Alvijar\system\BaseModel.php(738): CodeIgniter\Model->doInsert(Array)
#2 C:\xampp\htdocs\Kominfo_Alvijar\system\Model.php(625): CodeIgniter\BaseModel->insert(Array, false)
#3 C:\xampp\htdocs\Kominfo_Alvijar\system\BaseModel.php(658): CodeIgniter\Model->insert(Array, false)
#4 C:\xampp\htdocs\Kominfo_Alvijar\app\Controllers\LandingPage.php(58): CodeIgniter\BaseModel->save(Array)
#5 C:\xampp\htdocs\Kominfo_Alvijar\system\CodeIgniter.php(825): App\Controllers\LandingPage->tambah_datapenduduk()
#6 C:\xampp\htdocs\Kominfo_Alvijar\system\CodeIgniter.php(412): CodeIgniter\CodeIgniter->runController(Object(App\Controllers\LandingPage))
#7 C:\xampp\htdocs\Kominfo_Alvijar\system\CodeIgniter.php(320): CodeIgniter\CodeIgniter->handleRequest(NULL, Object(Config\Cache), false)
#8 C:\xampp\htdocs\Kominfo_Alvijar\public\index.php(37): CodeIgniter\CodeIgniter->run()
#9 C:\xampp\htdocs\Kominfo_Alvijar\system\Commands\Server\rewrite.php(43): require_once('C:\\xampp\\htdocs...')
#10 {main}
CRITICAL - 2022-02-23 21:58:49 --> Undefined index: No_Urut
#0 C:\xampp\htdocs\Kominfo_Alvijar\app\Controllers\LandingPage.php(33): CodeIgniter\Debug\Exceptions->errorHandler(8, 'Undefined index...', 'C:\\xampp\\htdocs...', 33, Array)
#1 C:\xampp\htdocs\Kominfo_Alvijar\system\CodeIgniter.php(825): App\Controllers\LandingPage->tambah_datapenduduk()
#2 C:\xampp\htdocs\Kominfo_Alvijar\system\CodeIgniter.php(412): CodeIgniter\CodeIgniter->runController(Object(App\Controllers\LandingPage))
#3 C:\xampp\htdocs\Kominfo_Alvijar\system\CodeIgniter.php(320): CodeIgniter\CodeIgniter->handleRequest(NULL, Object(Config\Cache), false)
#4 C:\xampp\htdocs\Kominfo_Alvijar\public\index.php(37): CodeIgniter\CodeIgniter->run()
#5 C:\xampp\htdocs\Kominfo_Alvijar\system\Commands\Server\rewrite.php(43): require_once('C:\\xampp\\htdocs...')
#6 {main}
CRITICAL - 2022-02-23 22:01:19 --> Undefined index: No_Urut
#0 C:\xampp\htdocs\Kominfo_Alvijar\app\Controllers\LandingPage.php(33): CodeIgniter\Debug\Exceptions->errorHandler(8, 'Undefined index...', 'C:\\xampp\\htdocs...', 33, Array)
#1 C:\xampp\htdocs\Kominfo_Alvijar\system\CodeIgniter.php(825): App\Controllers\LandingPage->tambah_datapenduduk()
#2 C:\xampp\htdocs\Kominfo_Alvijar\system\CodeIgniter.php(412): CodeIgniter\CodeIgniter->runController(Object(App\Controllers\LandingPage))
#3 C:\xampp\htdocs\Kominfo_Alvijar\system\CodeIgniter.php(320): CodeIgniter\CodeIgniter->handleRequest(NULL, Object(Config\Cache), false)
#4 C:\xampp\htdocs\Kominfo_Alvijar\public\index.php(37): CodeIgniter\CodeIgniter->run()
#5 C:\xampp\htdocs\Kominfo_Alvijar\system\Commands\Server\rewrite.php(43): require_once('C:\\xampp\\htdocs...')
#6 {main}
CRITICAL - 2022-02-23 22:01:59 --> There is no primary key defined when trying to make insert.
#0 C:\xampp\htdocs\Kominfo_Alvijar\system\Model.php(229): CodeIgniter\Database\Exceptions\DataException::forEmptyPrimaryKey('insert')
#1 C:\xampp\htdocs\Kominfo_Alvijar\system\BaseModel.php(738): CodeIgniter\Model->doInsert(Array)
#2 C:\xampp\htdocs\Kominfo_Alvijar\system\Model.php(625): CodeIgniter\BaseModel->insert(Array, false)
#3 C:\xampp\htdocs\Kominfo_Alvijar\system\BaseModel.php(658): CodeIgniter\Model->insert(Array, false)
#4 C:\xampp\htdocs\Kominfo_Alvijar\app\Controllers\LandingPage.php(58): CodeIgniter\BaseModel->save(Array)
#5 C:\xampp\htdocs\Kominfo_Alvijar\system\CodeIgniter.php(825): App\Controllers\LandingPage->tambah_datapenduduk()
#6 C:\xampp\htdocs\Kominfo_Alvijar\system\CodeIgniter.php(412): CodeIgniter\CodeIgniter->runController(Object(App\Controllers\LandingPage))
#7 C:\xampp\htdocs\Kominfo_Alvijar\system\CodeIgniter.php(320): CodeIgniter\CodeIgniter->handleRequest(NULL, Object(Config\Cache), false)
#8 C:\xampp\htdocs\Kominfo_Alvijar\public\index.php(37): CodeIgniter\CodeIgniter->run()
#9 C:\xampp\htdocs\Kominfo_Alvijar\system\Commands\Server\rewrite.php(43): require_once('C:\\xampp\\htdocs...')
#10 {main}
CRITICAL - 2022-02-23 22:02:51 --> There is no primary key defined when trying to make insert.
#0 C:\xampp\htdocs\Kominfo_Alvijar\system\Model.php(229): CodeIgniter\Database\Exceptions\DataException::forEmptyPrimaryKey('insert')
#1 C:\xampp\htdocs\Kominfo_Alvijar\system\BaseModel.php(738): CodeIgniter\Model->doInsert(Array)
#2 C:\xampp\htdocs\Kominfo_Alvijar\system\Model.php(625): CodeIgniter\BaseModel->insert(Array, false)
#3 C:\xampp\htdocs\Kominfo_Alvijar\system\BaseModel.php(658): CodeIgniter\Model->insert(Array, false)
#4 C:\xampp\htdocs\Kominfo_Alvijar\app\Controllers\LandingPage.php(58): CodeIgniter\BaseModel->save(Array)
#5 C:\xampp\htdocs\Kominfo_Alvijar\system\CodeIgniter.php(825): App\Controllers\LandingPage->tambah_datapenduduk()
#6 C:\xampp\htdocs\Kominfo_Alvijar\system\CodeIgniter.php(412): CodeIgniter\CodeIgniter->runController(Object(App\Controllers\LandingPage))
#7 C:\xampp\htdocs\Kominfo_Alvijar\system\CodeIgniter.php(320): CodeIgniter\CodeIgniter->handleRequest(NULL, Object(Config\Cache), false)
#8 C:\xampp\htdocs\Kominfo_Alvijar\public\index.php(37): CodeIgniter\CodeIgniter->run()
#9 C:\xampp\htdocs\Kominfo_Alvijar\system\Commands\Server\rewrite.php(43): require_once('C:\\xampp\\htdocs...')
#10 {main}
