CRITICAL - 2022-03-01 08:55:06 --> The framework needs the following extension(s) installed and loaded: intl.
#0 C:\xampp\htdocs\Kominfo_Alvijar\system\CodeIgniter.php(219): CodeIgniter\Exceptions\FrameworkException::forMissingExtension('intl')
#1 C:\xampp\htdocs\Kominfo_Alvijar\system\CodeIgniter.php(177): CodeIgniter\CodeIgniter->resolvePlatformExtensions()
#2 C:\xampp\htdocs\Kominfo_Alvijar\system\bootstrap.php(146): CodeIgniter\CodeIgniter->initialize()
#3 C:\xampp\htdocs\Kominfo_Alvijar\spark(45): require('C:\\xampp\\htdocs...')
#4 {main}
ERROR - 2022-03-01 01:56:00 --> Error connecting to the database: Unknown database 'data_penduduk'
CRITICAL - 2022-03-01 01:56:00 --> Unable to connect to the database.
Main connection [MySQLi]: Unknown database 'data_penduduk'
#0 C:\xampp\htdocs\Kominfo_Alvijar\system\Database\BaseConnection.php(577): CodeIgniter\Database\BaseConnection->initialize()
#1 C:\xampp\htdocs\Kominfo_Alvijar\system\Database\BaseBuilder.php(1455): CodeIgniter\Database\BaseConnection->query('SELECT *\nFROM `...', Array, false)
#2 C:\xampp\htdocs\Kominfo_Alvijar\app\Models\Data_Pribadi.php(21): CodeIgniter\Database\BaseBuilder->get()
#3 C:\xampp\htdocs\Kominfo_Alvijar\app\Controllers\LandingPage.php(22): App\Models\Data_Pribadi->getdatapribadi()
#4 C:\xampp\htdocs\Kominfo_Alvijar\system\CodeIgniter.php(825): App\Controllers\LandingPage->index()
#5 C:\xampp\htdocs\Kominfo_Alvijar\system\CodeIgniter.php(412): CodeIgniter\CodeIgniter->runController(Object(App\Controllers\LandingPage))
#6 C:\xampp\htdocs\Kominfo_Alvijar\system\CodeIgniter.php(320): CodeIgniter\CodeIgniter->handleRequest(NULL, Object(Config\Cache), false)
#7 C:\xampp\htdocs\Kominfo_Alvijar\public\index.php(37): CodeIgniter\CodeIgniter->run()
#8 C:\xampp\htdocs\Kominfo_Alvijar\system\Commands\Server\rewrite.php(43): require_once('C:\\xampp\\htdocs...')
#9 {main}
CRITICAL - 2022-03-01 02:21:00 --> Undefined array key "No_Urut"
#0 C:\xampp\htdocs\Kominfo_Alvijar\app\Controllers\LandingPage.php(33): CodeIgniter\Debug\Exceptions->errorHandler(2, 'Undefined array...', 'C:\\xampp\\htdocs...', 33)
#1 C:\xampp\htdocs\Kominfo_Alvijar\system\CodeIgniter.php(825): App\Controllers\LandingPage->tambah_datapenduduk()
#2 C:\xampp\htdocs\Kominfo_Alvijar\system\CodeIgniter.php(412): CodeIgniter\CodeIgniter->runController(Object(App\Controllers\LandingPage))
#3 C:\xampp\htdocs\Kominfo_Alvijar\system\CodeIgniter.php(320): CodeIgniter\CodeIgniter->handleRequest(NULL, Object(Config\Cache), false)
#4 C:\xampp\htdocs\Kominfo_Alvijar\public\index.php(37): CodeIgniter\CodeIgniter->run()
#5 C:\xampp\htdocs\Kominfo_Alvijar\system\Commands\Server\rewrite.php(43): require_once('C:\\xampp\\htdocs...')
#6 {main}
CRITICAL - 2022-03-01 02:23:31 --> Undefined array key "No_Urut"
#0 C:\xampp\htdocs\Kominfo_Alvijar\app\Controllers\LandingPage.php(33): CodeIgniter\Debug\Exceptions->errorHandler(2, 'Undefined array...', 'C:\\xampp\\htdocs...', 33)
#1 C:\xampp\htdocs\Kominfo_Alvijar\system\CodeIgniter.php(825): App\Controllers\LandingPage->tambah_datapenduduk()
#2 C:\xampp\htdocs\Kominfo_Alvijar\system\CodeIgniter.php(412): CodeIgniter\CodeIgniter->runController(Object(App\Controllers\LandingPage))
#3 C:\xampp\htdocs\Kominfo_Alvijar\system\CodeIgniter.php(320): CodeIgniter\CodeIgniter->handleRequest(NULL, Object(Config\Cache), false)
#4 C:\xampp\htdocs\Kominfo_Alvijar\public\index.php(37): CodeIgniter\CodeIgniter->run()
#5 C:\xampp\htdocs\Kominfo_Alvijar\system\Commands\Server\rewrite.php(43): require_once('C:\\xampp\\htdocs...')
#6 {main}
CRITICAL - 2022-03-01 02:23:34 --> Undefined array key "No_Urut"
#0 C:\xampp\htdocs\Kominfo_Alvijar\app\Controllers\LandingPage.php(33): CodeIgniter\Debug\Exceptions->errorHandler(2, 'Undefined array...', 'C:\\xampp\\htdocs...', 33)
#1 C:\xampp\htdocs\Kominfo_Alvijar\system\CodeIgniter.php(825): App\Controllers\LandingPage->tambah_datapenduduk()
#2 C:\xampp\htdocs\Kominfo_Alvijar\system\CodeIgniter.php(412): CodeIgniter\CodeIgniter->runController(Object(App\Controllers\LandingPage))
#3 C:\xampp\htdocs\Kominfo_Alvijar\system\CodeIgniter.php(320): CodeIgniter\CodeIgniter->handleRequest(NULL, Object(Config\Cache), false)
#4 C:\xampp\htdocs\Kominfo_Alvijar\public\index.php(37): CodeIgniter\CodeIgniter->run()
#5 C:\xampp\htdocs\Kominfo_Alvijar\system\Commands\Server\rewrite.php(43): require_once('C:\\xampp\\htdocs...')
#6 {main}
CRITICAL - 2022-03-01 02:24:33 --> Undefined array key "No_Urut"
#0 C:\xampp\htdocs\Kominfo_Alvijar\app\Controllers\LandingPage.php(33): CodeIgniter\Debug\Exceptions->errorHandler(2, 'Undefined array...', 'C:\\xampp\\htdocs...', 33)
#1 C:\xampp\htdocs\Kominfo_Alvijar\system\CodeIgniter.php(825): App\Controllers\LandingPage->tambah_datapenduduk()
#2 C:\xampp\htdocs\Kominfo_Alvijar\system\CodeIgniter.php(412): CodeIgniter\CodeIgniter->runController(Object(App\Controllers\LandingPage))
#3 C:\xampp\htdocs\Kominfo_Alvijar\system\CodeIgniter.php(320): CodeIgniter\CodeIgniter->handleRequest(NULL, Object(Config\Cache), false)
#4 C:\xampp\htdocs\Kominfo_Alvijar\public\index.php(37): CodeIgniter\CodeIgniter->run()
#5 C:\xampp\htdocs\Kominfo_Alvijar\system\Commands\Server\rewrite.php(43): require_once('C:\\xampp\\htdocs...')
#6 {main}
CRITICAL - 2022-03-01 02:49:47 --> Undefined array key "No_Urut"
#0 C:\xampp\htdocs\Kominfo_Alvijar\app\Controllers\LandingPage.php(33): CodeIgniter\Debug\Exceptions->errorHandler(2, 'Undefined array...', 'C:\\xampp\\htdocs...', 33)
#1 C:\xampp\htdocs\Kominfo_Alvijar\system\CodeIgniter.php(825): App\Controllers\LandingPage->tambah_datapenduduk()
#2 C:\xampp\htdocs\Kominfo_Alvijar\system\CodeIgniter.php(412): CodeIgniter\CodeIgniter->runController(Object(App\Controllers\LandingPage))
#3 C:\xampp\htdocs\Kominfo_Alvijar\system\CodeIgniter.php(320): CodeIgniter\CodeIgniter->handleRequest(NULL, Object(Config\Cache), false)
#4 C:\xampp\htdocs\Kominfo_Alvijar\public\index.php(37): CodeIgniter\CodeIgniter->run()
#5 C:\xampp\htdocs\Kominfo_Alvijar\system\Commands\Server\rewrite.php(43): require_once('C:\\xampp\\htdocs...')
#6 {main}
CRITICAL - 2022-03-01 02:50:54 --> Undefined array key "No_Urut"
#0 C:\xampp\htdocs\Kominfo_Alvijar\app\Controllers\LandingPage.php(33): CodeIgniter\Debug\Exceptions->errorHandler(2, 'Undefined array...', 'C:\\xampp\\htdocs...', 33)
#1 C:\xampp\htdocs\Kominfo_Alvijar\system\CodeIgniter.php(825): App\Controllers\LandingPage->tambah_datapenduduk()
#2 C:\xampp\htdocs\Kominfo_Alvijar\system\CodeIgniter.php(412): CodeIgniter\CodeIgniter->runController(Object(App\Controllers\LandingPage))
#3 C:\xampp\htdocs\Kominfo_Alvijar\system\CodeIgniter.php(320): CodeIgniter\CodeIgniter->handleRequest(NULL, Object(Config\Cache), false)
#4 C:\xampp\htdocs\Kominfo_Alvijar\public\index.php(37): CodeIgniter\CodeIgniter->run()
#5 C:\xampp\htdocs\Kominfo_Alvijar\system\Commands\Server\rewrite.php(43): require_once('C:\\xampp\\htdocs...')
#6 {main}
CRITICAL - 2022-03-01 02:56:00 --> Undefined array key "No_Urut"
#0 C:\xampp\htdocs\Kominfo_Alvijar\app\Controllers\LandingPage.php(58): CodeIgniter\Debug\Exceptions->errorHandler(2, 'Undefined array...', 'C:\\xampp\\htdocs...', 58)
#1 C:\xampp\htdocs\Kominfo_Alvijar\system\CodeIgniter.php(825): App\Controllers\LandingPage->tambah_datapenduduk()
#2 C:\xampp\htdocs\Kominfo_Alvijar\system\CodeIgniter.php(412): CodeIgniter\CodeIgniter->runController(Object(App\Controllers\LandingPage))
#3 C:\xampp\htdocs\Kominfo_Alvijar\system\CodeIgniter.php(320): CodeIgniter\CodeIgniter->handleRequest(NULL, Object(Config\Cache), false)
#4 C:\xampp\htdocs\Kominfo_Alvijar\public\index.php(37): CodeIgniter\CodeIgniter->run()
#5 C:\xampp\htdocs\Kominfo_Alvijar\system\Commands\Server\rewrite.php(43): require_once('C:\\xampp\\htdocs...')
#6 {main}
CRITICAL - 2022-03-01 03:04:20 --> Undefined array key "No_Urut"
#0 C:\xampp\htdocs\Kominfo_Alvijar\app\Controllers\LandingPage.php(41): CodeIgniter\Debug\Exceptions->errorHandler(2, 'Undefined array...', 'C:\\xampp\\htdocs...', 41)
#1 C:\xampp\htdocs\Kominfo_Alvijar\system\CodeIgniter.php(825): App\Controllers\LandingPage->tambah_datapenduduk()
#2 C:\xampp\htdocs\Kominfo_Alvijar\system\CodeIgniter.php(412): CodeIgniter\CodeIgniter->runController(Object(App\Controllers\LandingPage))
#3 C:\xampp\htdocs\Kominfo_Alvijar\system\CodeIgniter.php(320): CodeIgniter\CodeIgniter->handleRequest(NULL, Object(Config\Cache), false)
#4 C:\xampp\htdocs\Kominfo_Alvijar\public\index.php(37): CodeIgniter\CodeIgniter->run()
#5 C:\xampp\htdocs\Kominfo_Alvijar\system\Commands\Server\rewrite.php(43): require_once('C:\\xampp\\htdocs...')
#6 {main}
